<?xml version="1.0" encoding="UTF-8"?>
<!-- Generated by org.testng.reporters.JUnitReportReporter -->
<testsuite skipped="0" hostname="HACHANDN-IN" name="rough.Test3" tests="2" failures="0" timestamp="21 Dec 2017 07:58:11 GMT" time="0.006" errors="0">
  <testcase name="Test1" time="0.004" classname="rough.Test3"/>
  <testcase name="Test2" time="0.002" classname="rough.Test3"/>
</testsuite> <!-- rough.Test3 -->
