<?xml version="1.0" encoding="UTF-8"?>
<!-- Generated by org.testng.reporters.JUnitReportReporter -->
<testsuite skipped="0" hostname="HACHANDN-IN" name="com.crm.testcases.LoginTest" tests="1" failures="0" timestamp="19 Dec 2017 11:20:02 GMT" time="14.366" errors="0">
  <testcase name="loginUser1" time="14.366" classname="com.crm.testcases.LoginTest"/>
</testsuite> <!-- com.crm.testcases.LoginTest -->
