<?xml version="1.0" encoding="UTF-8"?>
<!-- Generated by org.testng.reporters.JUnitReportReporter -->
<testsuite skipped="0" hostname="HACHANDN-IN" name="com.crm.testcases.NewCompanyTest" tests="2" failures="0" timestamp="23 Nov 2017 06:22:40 GMT" time="19.270" errors="0">
  <testcase name="loginUser1" time="8.666" classname="com.crm.testcases.NewCompanyTest"/>
  <testcase name="createNewCompanyTest" time="10.604" classname="com.crm.testcases.NewCompanyTest"/>
</testsuite> <!-- com.crm.testcases.NewCompanyTest -->
